2015-03-06 11:30:13.824 narwhal-client[42261:20260664] DiskCookieStorage changing policy from 2 to 0, cookie file: file:///Users/davidgorges/Library/Developer/CoreSimulator/Devices/AF9C8A71-2089-4616-91EC-D620C7D0B562/data/Containers/Data/Application/90AF8E54-634B-41BD-BBCA-1711F974BE49/Library/Cookies/Cookies.binarycookies
2015-03-06 11:30:14.138 narwhal-client[42261:20260664] Apache Cordova native platform version 3.8.0 is starting.
2015-03-06 11:30:14.139 narwhal-client[42261:20260664] Multi-tasking -> Device: YES, App: YES
2015-03-06 11:30:14.155 narwhal-client[42261:20260664] Unlimited access to network resources
2015-03-06 11:30:15.526 narwhal-client[42261:20260664] Resetting plugins due to page load.
2015-03-06 11:30:15.935 narwhal-client[42261:20260664] Finished load of: file:///Users/davidgorges/Library/Developer/CoreSimulator/Devices/AF9C8A71-2089-4616-91EC-D620C7D0B562/data/Containers/Bundle/Application/3C86FAFA-9AF9-4A1E-B651-F2222E547B28/narwhal-client.app/www/index.html#/
2015-03-06 11:50:00.256 narwhal-client[1241:10372] DiskCookieStorage changing policy from 2 to 0, cookie file: file:///Users/davidgorges/Library/Developer/CoreSimulator/Devices/AF9C8A71-2089-4616-91EC-D620C7D0B562/data/Containers/Data/Application/1976173E-6576-4B84-8F90-275AC2DD0D3B/Library/Cookies/Cookies.binarycookies
2015-03-06 11:50:00.539 narwhal-client[1241:10372] Apache Cordova native platform version 3.8.0 is starting.
2015-03-06 11:50:00.539 narwhal-client[1241:10372] Multi-tasking -> Device: YES, App: YES
2015-03-06 11:50:00.562 narwhal-client[1241:10372] Unlimited access to network resources
2015-03-06 11:50:01.432 narwhal-client[1241:10372] Resetting plugins due to page load.
2015-03-06 11:50:01.803 narwhal-client[1241:10372] Finished load of: file:///Users/davidgorges/Library/Developer/CoreSimulator/Devices/AF9C8A71-2089-4616-91EC-D620C7D0B562/data/Containers/Bundle/Application/205E0081-E2CA-4217-9BAB-2423E66B3C5F/narwhal-client.app/www/index.html#/
2015-03-06 14:47:38.092 narwhal-client[5817:126921] DiskCookieStorage changing policy from 2 to 0, cookie file: file:///Users/davidgorges/Library/Developer/CoreSimulator/Devices/AF9C8A71-2089-4616-91EC-D620C7D0B562/data/Containers/Data/Application/46DCD955-FFAA-46EF-A822-974AD6FE0758/Library/Cookies/Cookies.binarycookies
2015-03-06 14:47:38.178 narwhal-client[5817:126921] Apache Cordova native platform version 3.8.0 is starting.
2015-03-06 14:47:38.178 narwhal-client[5817:126921] Multi-tasking -> Device: YES, App: YES
2015-03-06 14:47:38.179 narwhal-client[5817:126921] Unlimited access to network resources
2015-03-06 14:47:38.528 narwhal-client[5817:126921] Resetting plugins due to page load.
2015-03-06 14:47:38.820 narwhal-client[5817:126921] Finished load of: file:///Users/davidgorges/Library/Developer/CoreSimulator/Devices/AF9C8A71-2089-4616-91EC-D620C7D0B562/data/Containers/Bundle/Application/5A56BA2B-A309-4236-8896-DD5B9AB73AF1/narwhal-client.app/www/index.html#/
2015-03-07 11:26:56.514 narwhal-client[11686:293557] DiskCookieStorage changing policy from 2 to 0, cookie file: file:///Users/davidgorges/Library/Developer/CoreSimulator/Devices/AF9C8A71-2089-4616-91EC-D620C7D0B562/data/Containers/Data/Application/C1EA66DE-430D-4E46-A923-89DE80EB493E/Library/Cookies/Cookies.binarycookies
2015-03-07 11:26:56.780 narwhal-client[11686:293557] Apache Cordova native platform version 3.8.0 is starting.
2015-03-07 11:26:56.780 narwhal-client[11686:293557] Multi-tasking -> Device: YES, App: YES
2015-03-07 11:26:56.795 narwhal-client[11686:293557] Unlimited access to network resources
2015-03-07 11:26:57.574 narwhal-client[11686:293557] Resetting plugins due to page load.
2015-03-07 11:26:57.883 narwhal-client[11686:293557] Finished load of: file:///Users/davidgorges/Library/Developer/CoreSimulator/Devices/AF9C8A71-2089-4616-91EC-D620C7D0B562/data/Containers/Bundle/Application/7912C5D9-464D-4738-93E5-BA9D13D7E9C1/narwhal-client.app/www/index.html
2015-03-07 11:27:05.472 narwhal-client[11877:294094] DiskCookieStorage changing policy from 2 to 0, cookie file: file:///Users/davidgorges/Library/Developer/CoreSimulator/Devices/AF9C8A71-2089-4616-91EC-D620C7D0B562/data/Containers/Data/Application/6130F197-DB74-4013-A91B-30018438782B/Library/Cookies/Cookies.binarycookies
2015-03-07 11:27:05.578 narwhal-client[11877:294094] Apache Cordova native platform version 3.8.0 is starting.
2015-03-07 11:27:05.579 narwhal-client[11877:294094] Multi-tasking -> Device: YES, App: YES
2015-03-07 11:27:05.580 narwhal-client[11877:294094] Unlimited access to network resources
2015-03-07 11:27:05.871 narwhal-client[11877:294094] Resetting plugins due to page load.
2015-03-07 11:27:06.023 narwhal-client[11877:294094] Finished load of: file:///Users/davidgorges/Library/Developer/CoreSimulator/Devices/AF9C8A71-2089-4616-91EC-D620C7D0B562/data/Containers/Bundle/Application/F8D4F973-80EC-4862-9251-24FDF5E64F92/narwhal-client.app/www/index.html
2015-03-07 11:27:25.041 narwhal-client[12112:295291] DiskCookieStorage changing policy from 2 to 0, cookie file: file:///Users/davidgorges/Library/Developer/CoreSimulator/Devices/AF9C8A71-2089-4616-91EC-D620C7D0B562/data/Containers/Data/Application/1CDC5A7C-E431-40D9-A9FC-3A6F017B8C9A/Library/Cookies/Cookies.binarycookies
2015-03-07 11:27:25.115 narwhal-client[12112:295291] Apache Cordova native platform version 3.8.0 is starting.
2015-03-07 11:27:25.115 narwhal-client[12112:295291] Multi-tasking -> Device: YES, App: YES
2015-03-07 11:27:25.116 narwhal-client[12112:295291] Unlimited access to network resources
2015-03-07 11:27:25.358 narwhal-client[12112:295291] Resetting plugins due to page load.
2015-03-07 11:27:25.519 narwhal-client[12112:295291] Finished load of: file:///Users/davidgorges/Library/Developer/CoreSimulator/Devices/AF9C8A71-2089-4616-91EC-D620C7D0B562/data/Containers/Bundle/Application/922806CC-84A3-4E41-82D9-403643A7A756/narwhal-client.app/www/index.html
2015-03-07 11:28:32.767 narwhal-client[12112:296723] Terminating since there is no system app.
2015-03-07 11:41:34.112 narwhal-client[12982:308774] DiskCookieStorage changing policy from 2 to 0, cookie file: file:///Users/davidgorges/Library/Developer/CoreSimulator/Devices/AF9C8A71-2089-4616-91EC-D620C7D0B562/data/Containers/Data/Application/845647D7-A306-4FF9-B93A-3243110A5B30/Library/Cookies/Cookies.binarycookies
2015-03-07 11:41:34.353 narwhal-client[12982:308774] Apache Cordova native platform version 3.8.0 is starting.
2015-03-07 11:41:34.353 narwhal-client[12982:308774] Multi-tasking -> Device: YES, App: YES
2015-03-07 11:41:34.368 narwhal-client[12982:308774] Unlimited access to network resources
2015-03-07 11:41:34.994 narwhal-client[12982:308774] Resetting plugins due to page load.
2015-03-07 11:41:35.280 narwhal-client[12982:308774] Finished load of: file:///Users/davidgorges/Library/Developer/CoreSimulator/Devices/AF9C8A71-2089-4616-91EC-D620C7D0B562/data/Containers/Bundle/Application/23DDA3D6-C628-4A9A-83A9-C05FD40718E6/narwhal-client.app/www/index.html#/
2015-03-07 19:11:07.448 narwhal-client[33832:607793] DiskCookieStorage changing policy from 2 to 0, cookie file: file:///Users/davidgorges/Library/Developer/CoreSimulator/Devices/AF9C8A71-2089-4616-91EC-D620C7D0B562/data/Containers/Data/Application/BB763DC5-D790-432A-ABC6-4F4AB528582F/Library/Cookies/Cookies.binarycookies
2015-03-07 19:11:07.725 narwhal-client[33832:607793] Apache Cordova native platform version 3.8.0 is starting.
2015-03-07 19:11:07.725 narwhal-client[33832:607793] Multi-tasking -> Device: YES, App: YES
2015-03-07 19:11:07.746 narwhal-client[33832:607793] Unlimited access to network resources
2015-03-07 19:11:08.501 narwhal-client[33832:607793] Resetting plugins due to page load.
2015-03-07 19:11:09.689 narwhal-client[33832:607793] Finished load of: file:///Users/davidgorges/Library/Developer/CoreSimulator/Devices/AF9C8A71-2089-4616-91EC-D620C7D0B562/data/Containers/Bundle/Application/9A209231-EC0D-4A23-835E-D1FD5469B371/narwhal-client.app/www/index.html#/
2015-03-08 12:09:54.658 narwhal-client[40287:716858] DiskCookieStorage changing policy from 2 to 0, cookie file: file:///Users/davidgorges/Library/Developer/CoreSimulator/Devices/AF9C8A71-2089-4616-91EC-D620C7D0B562/data/Containers/Data/Application/D911C72A-F3EC-475C-AA74-ED63D219FB79/Library/Cookies/Cookies.binarycookies
2015-03-08 12:09:54.966 narwhal-client[40287:716858] Apache Cordova native platform version 3.8.0 is starting.
2015-03-08 12:09:54.966 narwhal-client[40287:716858] Multi-tasking -> Device: YES, App: YES
2015-03-08 12:09:54.987 narwhal-client[40287:716858] Unlimited access to network resources
2015-03-08 12:09:55.887 narwhal-client[40287:716858] Resetting plugins due to page load.
2015-03-08 12:09:56.890 narwhal-client[40287:716858] Finished load of: file:///Users/davidgorges/Library/Developer/CoreSimulator/Devices/AF9C8A71-2089-4616-91EC-D620C7D0B562/data/Containers/Bundle/Application/5D8C0721-94B9-42A8-BF76-353690EFC5AE/narwhal-client.app/www/index.html#/login/
